<?xml version="1.0" encoding="UTF-8"?>
<testng-results ignored="0" total="27" passed="27" failed="0" skipped="0">
  <reporter-output>
  </reporter-output>
  <suite started-at="2023-08-03T16:57:41 IST" name="Opencart App Test Regression Suite" finished-at="2023-08-03T17:00:57 IST" duration-ms="195466">
    <groups>
    </groups>
    <test started-at="2023-08-03T16:57:41 IST" name="Login Page Test" finished-at="2023-08-03T16:59:15 IST" duration-ms="93349">
      <class name="com.qa.opencart.test.LoginPageTest">
        <test-method is-config="true" signature="setup()[pri:0, instance:com.qa.opencart.test.LoginPageTest@521bb1a4]" started-at="2023-08-03T16:57:41 IST" name="setup" finished-at="2023-08-03T16:58:25 IST" duration-ms="43388" status="PASS">
          <reporter-output>
          </reporter-output>
        </test-method> <!-- setup -->
        <test-method signature="loginPageTitleTest()[pri:1, instance:com.qa.opencart.test.LoginPageTest@521bb1a4]" started-at="2023-08-03T16:58:26 IST" name="loginPageTitleTest" finished-at="2023-08-03T16:58:30 IST" duration-ms="3685" status="PASS">
          <reporter-output>
          </reporter-output>
        </test-method> <!-- loginPageTitleTest -->
        <test-method signature="loginPageUrlTest()[pri:2, instance:com.qa.opencart.test.LoginPageTest@521bb1a4]" started-at="2023-08-03T16:58:31 IST" name="loginPageUrlTest" finished-at="2023-08-03T16:58:32 IST" duration-ms="716" status="PASS">
          <reporter-output>
          </reporter-output>
        </test-method> <!-- loginPageUrlTest -->
        <test-method signature="forgotPwdLinkTest()[pri:3, instance:com.qa.opencart.test.LoginPageTest@521bb1a4]" started-at="2023-08-03T16:58:32 IST" name="forgotPwdLinkTest" finished-at="2023-08-03T16:58:33 IST" duration-ms="1024" status="PASS">
          <reporter-output>
          </reporter-output>
        </test-method> <!-- forgotPwdLinkTest -->
        <test-method signature="loginTest()[pri:4, instance:com.qa.opencart.test.LoginPageTest@521bb1a4]" started-at="2023-08-03T16:58:33 IST" name="loginTest" finished-at="2023-08-03T16:58:53 IST" duration-ms="19756" status="PASS">
          <reporter-output>
          </reporter-output>
        </test-method> <!-- loginTest -->
        <test-method is-config="true" signature="tearDown()[pri:0, instance:com.qa.opencart.test.LoginPageTest@521bb1a4]" started-at="2023-08-03T16:58:53 IST" name="tearDown" finished-at="2023-08-03T16:59:15 IST" duration-ms="21902" status="FAIL">
          <exception class="org.openqa.selenium.WebDriverException">
            <message>
              <![CDATA[Timed out waiting for driver server to stop.
Build info: version: '4.8.0', revision: '267030adea'
System info: os.name: 'Windows 10', os.arch: 'amd64', os.version: '10.0', java.version: '17.0.5'
Driver info: org.openqa.selenium.chrome.ChromeDriver
Command: [44a194988aa8a1bb02fe32dc4f6726e3, quit {}]
Capabilities {acceptInsecureCerts: false, browserName: chrome, browserVersion: 115.0.5790.102, chrome: {chromedriverVersion: 115.0.5790.102 (90efd4b0ad6..., userDataDir: C:\Users\LENOVO\AppData\Loc...}, goog:chromeOptions: {debuggerAddress: localhost:61721}, networkConnectionEnabled: false, pageLoadStrategy: normal, platformName: WINDOWS, proxy: Proxy(), se:cdp: ws://localhost:61721/devtoo..., se:cdpVersion: 115.0.5790.102, setWindowRect: true, strictFileInteractability: false, timeouts: {implicit: 0, pageLoad: 300000, script: 30000}, unhandledPromptBehavior: dismiss and notify, webauthn:extension:credBlob: true, webauthn:extension:largeBlob: true, webauthn:extension:minPinLength: true, webauthn:extension:prf: true, webauthn:virtualAuthenticators: true}
Session ID: 44a194988aa8a1bb02fe32dc4f6726e3]]>
            </message>
            <full-stacktrace>
              <![CDATA[org.openqa.selenium.WebDriverException: Timed out waiting for driver server to stop.
Build info: version: '4.8.0', revision: '267030adea'
System info: os.name: 'Windows 10', os.arch: 'amd64', os.version: '10.0', java.version: '17.0.5'
Driver info: org.openqa.selenium.chrome.ChromeDriver
Command: [44a194988aa8a1bb02fe32dc4f6726e3, quit {}]
Capabilities {acceptInsecureCerts: false, browserName: chrome, browserVersion: 115.0.5790.102, chrome: {chromedriverVersion: 115.0.5790.102 (90efd4b0ad6..., userDataDir: C:\Users\LENOVO\AppData\Loc...}, goog:chromeOptions: {debuggerAddress: localhost:61721}, networkConnectionEnabled: false, pageLoadStrategy: normal, platformName: WINDOWS, proxy: Proxy(), se:cdp: ws://localhost:61721/devtoo..., se:cdpVersion: 115.0.5790.102, setWindowRect: true, strictFileInteractability: false, timeouts: {implicit: 0, pageLoad: 300000, script: 30000}, unhandledPromptBehavior: dismiss and notify, webauthn:extension:credBlob: true, webauthn:extension:largeBlob: true, webauthn:extension:minPinLength: true, webauthn:extension:prf: true, webauthn:virtualAuthenticators: true}
Session ID: 44a194988aa8a1bb02fe32dc4f6726e3
at org.openqa.selenium.remote.service.DriverCommandExecutor.execute(DriverCommandExecutor.java:132)
at org.openqa.selenium.remote.RemoteWebDriver.execute(RemoteWebDriver.java:543)
at org.openqa.selenium.remote.RemoteWebDriver.execute(RemoteWebDriver.java:598)
at org.openqa.selenium.remote.RemoteWebDriver.execute(RemoteWebDriver.java:602)
at org.openqa.selenium.remote.RemoteWebDriver.quit(RemoteWebDriver.java:445)
at org.openqa.selenium.chromium.ChromiumDriver.quit(ChromiumDriver.java:279)
at com.qa.opencart.base.BaseTest.tearDown(BaseTest.java:46)
at java.base/jdk.internal.reflect.NativeMethodAccessorImpl.invoke0(Native Method)
at java.base/jdk.internal.reflect.NativeMethodAccessorImpl.invoke(NativeMethodAccessorImpl.java:77)
at java.base/jdk.internal.reflect.DelegatingMethodAccessorImpl.invoke(DelegatingMethodAccessorImpl.java:43)
at java.base/java.lang.reflect.Method.invoke(Method.java:568)
at org.testng.internal.MethodInvocationHelper.invokeMethod(MethodInvocationHelper.java:133)
at org.testng.internal.MethodInvocationHelper.invokeMethodConsideringTimeout(MethodInvocationHelper.java:62)
at org.testng.internal.ConfigInvoker.invokeConfigurationMethod(ConfigInvoker.java:385)
at org.testng.internal.ConfigInvoker.invokeConfigurations(ConfigInvoker.java:321)
at org.testng.TestRunner.invokeTestConfigurations(TestRunner.java:637)
at org.testng.TestRunner.afterRun(TestRunner.java:877)
at org.testng.TestRunner.run(TestRunner.java:599)
at org.testng.SuiteRunner.runTest(SuiteRunner.java:377)
at org.testng.SuiteRunner.access$000(SuiteRunner.java:28)
at org.testng.SuiteRunner$SuiteWorker.run(SuiteRunner.java:418)
at org.testng.internal.thread.ThreadUtil.lambda$execute$0(ThreadUtil.java:64)
at java.base/java.util.concurrent.FutureTask.run(FutureTask.java:264)
at java.base/java.util.concurrent.ThreadPoolExecutor.runWorker(ThreadPoolExecutor.java:1136)
at java.base/java.util.concurrent.ThreadPoolExecutor$Worker.run(ThreadPoolExecutor.java:635)
at java.base/java.lang.Thread.run(Thread.java:833)
Caused by: java.util.concurrent.ExecutionException: org.openqa.selenium.TimeoutException: Process timed out after waiting for 20000 ms.
Build info: version: '4.8.0', revision: '267030adea'
System info: os.name: 'Windows 10', os.arch: 'amd64', os.version: '10.0', java.version: '17.0.5'
Driver info: driver.version: unknown
at java.base/java.util.concurrent.CompletableFuture.reportGet(CompletableFuture.java:396)
at java.base/java.util.concurrent.CompletableFuture.get(CompletableFuture.java:2096)
at org.openqa.selenium.remote.service.DriverCommandExecutor.execute(DriverCommandExecutor.java:128)
... 25 more
Caused by: org.openqa.selenium.TimeoutException: Process timed out after waiting for 20000 ms.
Build info: version: '4.8.0', revision: '267030adea'
System info: os.name: 'Windows 10', os.arch: 'amd64', os.version: '10.0', java.version: '17.0.5'
Driver info: driver.version: unknown
at org.openqa.selenium.os.OsProcess.waitFor(OsProcess.java:181)
at org.openqa.selenium.os.CommandLine.waitFor(CommandLine.java:119)
at org.openqa.selenium.remote.service.DriverCommandExecutor.lambda$execute$2(DriverCommandExecutor.java:122)
at java.base/java.util.concurrent.CompletableFuture$AsyncSupply.run(CompletableFuture.java:1768)
... 3 more
]]>
            </full-stacktrace>
          </exception> <!-- org.openqa.selenium.WebDriverException -->
          <reporter-output>
          </reporter-output>
        </test-method> <!-- tearDown -->
      </class> <!-- com.qa.opencart.test.LoginPageTest -->
    </test> <!-- Login Page Test -->
    <test started-at="2023-08-03T16:57:41 IST" name="Product Info Page Test" finished-at="2023-08-03T17:00:29 IST" duration-ms="167927">
      <class name="com.qa.opencart.test.ProductPageInfoTest">
        <test-method is-config="true" signature="setup()[pri:0, instance:com.qa.opencart.test.ProductPageInfoTest@5740ff5e]" started-at="2023-08-03T16:57:41 IST" name="setup" finished-at="2023-08-03T16:58:26 IST" duration-ms="44678" status="PASS">
          <reporter-output>
          </reporter-output>
        </test-method> <!-- setup -->
        <test-method is-config="true" signature="productInfoPageSetup()[pri:0, instance:com.qa.opencart.test.ProductPageInfoTest@5740ff5e]" started-at="2023-08-03T16:58:26 IST" name="productInfoPageSetup" finished-at="2023-08-03T16:58:50 IST" duration-ms="24108" status="PASS">
          <reporter-output>
          </reporter-output>
        </test-method> <!-- productInfoPageSetup -->
        <test-method signature="addToCartTest()[pri:0, instance:com.qa.opencart.test.ProductPageInfoTest@5740ff5e]" started-at="2023-08-03T16:58:50 IST" name="addToCartTest" finished-at="2023-08-03T16:59:12 IST" duration-ms="21256" status="PASS">
          <reporter-output>
          </reporter-output>
        </test-method> <!-- addToCartTest -->
        <test-method signature="productImagesCountTest(java.lang.String,java.lang.String,int)[pri:0, instance:com.qa.opencart.test.ProductPageInfoTest@5740ff5e]" started-at="2023-08-03T16:59:12 IST" name="productImagesCountTest" data-provider="getProductImagesTestData" finished-at="2023-08-03T16:59:40 IST" duration-ms="28506" status="PASS">
          <params>
            <param index="0">
              <value>
                <![CDATA[Macbook]]>
              </value>
            </param>
            <param index="1">
              <value>
                <![CDATA[MacBook Pro]]>
              </value>
            </param>
            <param index="2">
              <value>
                <![CDATA[4]]>
              </value>
            </param>
          </params>
          <reporter-output>
          </reporter-output>
        </test-method> <!-- productImagesCountTest -->
        <test-method signature="productImagesCountTest(java.lang.String,java.lang.String,int)[pri:0, instance:com.qa.opencart.test.ProductPageInfoTest@5740ff5e]" started-at="2023-08-03T16:59:40 IST" name="productImagesCountTest" data-provider="getProductImagesTestData" finished-at="2023-08-03T16:59:53 IST" duration-ms="12817" status="PASS">
          <params>
            <param index="0">
              <value>
                <![CDATA[Samsung]]>
              </value>
            </param>
            <param index="1">
              <value>
                <![CDATA[Samsung SyncMaster 941BW]]>
              </value>
            </param>
            <param index="2">
              <value>
                <![CDATA[1]]>
              </value>
            </param>
          </params>
          <reporter-output>
          </reporter-output>
        </test-method> <!-- productImagesCountTest -->
        <test-method signature="productImagesCountTest(java.lang.String,java.lang.String,int)[pri:0, instance:com.qa.opencart.test.ProductPageInfoTest@5740ff5e]" started-at="2023-08-03T16:59:53 IST" name="productImagesCountTest" data-provider="getProductImagesTestData" finished-at="2023-08-03T17:00:03 IST" duration-ms="10594" status="PASS">
          <params>
            <param index="0">
              <value>
                <![CDATA[Apple]]>
              </value>
            </param>
            <param index="1">
              <value>
                <![CDATA[Apple Cinema 30"]]>
              </value>
            </param>
            <param index="2">
              <value>
                <![CDATA[6]]>
              </value>
            </param>
          </params>
          <reporter-output>
          </reporter-output>
        </test-method> <!-- productImagesCountTest -->
        <test-method signature="productImagesCountTest(java.lang.String,java.lang.String,int)[pri:0, instance:com.qa.opencart.test.ProductPageInfoTest@5740ff5e]" started-at="2023-08-03T17:00:03 IST" name="productImagesCountTest" data-provider="getProductImagesTestData" finished-at="2023-08-03T17:00:11 IST" duration-ms="7081" status="PASS">
          <params>
            <param index="0">
              <value>
                <![CDATA[iMac]]>
              </value>
            </param>
            <param index="1">
              <value>
                <![CDATA[iMac]]>
              </value>
            </param>
            <param index="2">
              <value>
                <![CDATA[3]]>
              </value>
            </param>
          </params>
          <reporter-output>
          </reporter-output>
        </test-method> <!-- productImagesCountTest -->
        <test-method signature="productInfoPage()[pri:0, instance:com.qa.opencart.test.ProductPageInfoTest@5740ff5e]" started-at="2023-08-03T17:00:11 IST" name="productInfoPage" finished-at="2023-08-03T17:00:26 IST" duration-ms="14978" status="PASS">
          <reporter-output>
          </reporter-output>
        </test-method> <!-- productInfoPage -->
        <test-method is-config="true" signature="tearDown()[pri:0, instance:com.qa.opencart.test.ProductPageInfoTest@5740ff5e]" started-at="2023-08-03T17:00:26 IST" name="tearDown" finished-at="2023-08-03T17:00:29 IST" duration-ms="3754" status="PASS">
          <reporter-output>
          </reporter-output>
        </test-method> <!-- tearDown -->
      </class> <!-- com.qa.opencart.test.ProductPageInfoTest -->
    </test> <!-- Product Info Page Test -->
    <test started-at="2023-08-03T16:57:41 IST" name="Account Page Test" finished-at="2023-08-03T17:00:56 IST" duration-ms="194759">
      <class name="com.qa.opencart.test.AccountsPageTest">
        <test-method is-config="true" signature="setup()[pri:0, instance:com.qa.opencart.test.AccountsPageTest@1e236278]" started-at="2023-08-03T16:57:41 IST" name="setup" finished-at="2023-08-03T16:58:26 IST" duration-ms="44135" status="PASS">
          <reporter-output>
          </reporter-output>
        </test-method> <!-- setup -->
        <test-method is-config="true" signature="accPageSetup()[pri:0, instance:com.qa.opencart.test.AccountsPageTest@1e236278]" started-at="2023-08-03T16:58:26 IST" name="accPageSetup" finished-at="2023-08-03T16:58:50 IST" duration-ms="24114" status="PASS">
          <reporter-output>
          </reporter-output>
        </test-method> <!-- accPageSetup -->
        <test-method signature="accHeadersCountTest()[pri:0, instance:com.qa.opencart.test.AccountsPageTest@1e236278]" started-at="2023-08-03T16:58:50 IST" name="accHeadersCountTest" finished-at="2023-08-03T16:58:51 IST" duration-ms="1499" status="PASS">
          <reporter-output>
          </reporter-output>
        </test-method> <!-- accHeadersCountTest -->
        <test-method signature="accHeadersValueTest()[pri:0, instance:com.qa.opencart.test.AccountsPageTest@1e236278]" started-at="2023-08-03T16:58:51 IST" name="accHeadersValueTest" finished-at="2023-08-03T16:58:52 IST" duration-ms="613" status="PASS">
          <reporter-output>
          </reporter-output>
        </test-method> <!-- accHeadersValueTest -->
        <test-method signature="accPageTitleTest()[pri:0, instance:com.qa.opencart.test.AccountsPageTest@1e236278]" started-at="2023-08-03T16:58:52 IST" name="accPageTitleTest" finished-at="2023-08-03T16:58:52 IST" duration-ms="558" status="PASS">
          <reporter-output>
          </reporter-output>
        </test-method> <!-- accPageTitleTest -->
        <test-method signature="accPageUrlTest()[pri:0, instance:com.qa.opencart.test.AccountsPageTest@1e236278]" started-at="2023-08-03T16:58:52 IST" name="accPageUrlTest" finished-at="2023-08-03T16:58:53 IST" duration-ms="108" status="PASS">
          <reporter-output>
          </reporter-output>
        </test-method> <!-- accPageUrlTest -->
        <test-method signature="isLogoutLinkExistTest()[pri:0, instance:com.qa.opencart.test.AccountsPageTest@1e236278]" started-at="2023-08-03T16:58:53 IST" name="isLogoutLinkExistTest" finished-at="2023-08-03T16:58:53 IST" duration-ms="443" status="PASS">
          <reporter-output>
          </reporter-output>
        </test-method> <!-- isLogoutLinkExistTest -->
        <test-method signature="searchProductCountTest(java.lang.String)[pri:0, instance:com.qa.opencart.test.AccountsPageTest@1e236278]" started-at="2023-08-03T16:58:53 IST" name="searchProductCountTest" data-provider="getProductData" finished-at="2023-08-03T16:59:05 IST" duration-ms="11822" status="PASS">
          <params>
            <param index="0">
              <value>
                <![CDATA[Macbook]]>
              </value>
            </param>
          </params>
          <reporter-output>
          </reporter-output>
        </test-method> <!-- searchProductCountTest -->
        <test-method signature="searchProductCountTest(java.lang.String)[pri:0, instance:com.qa.opencart.test.AccountsPageTest@1e236278]" started-at="2023-08-03T16:59:05 IST" name="searchProductCountTest" data-provider="getProductData" finished-at="2023-08-03T16:59:16 IST" duration-ms="10539" status="PASS">
          <params>
            <param index="0">
              <value>
                <![CDATA[Samsung]]>
              </value>
            </param>
          </params>
          <reporter-output>
          </reporter-output>
        </test-method> <!-- searchProductCountTest -->
        <test-method signature="searchProductCountTest(java.lang.String)[pri:0, instance:com.qa.opencart.test.AccountsPageTest@1e236278]" started-at="2023-08-03T16:59:21 IST" name="searchProductCountTest" data-provider="getProductData" finished-at="2023-08-03T16:59:45 IST" duration-ms="24468" status="PASS">
          <params>
            <param index="0">
              <value>
                <![CDATA[Apple]]>
              </value>
            </param>
          </params>
          <reporter-output>
          </reporter-output>
        </test-method> <!-- searchProductCountTest -->
        <test-method signature="searchProductCountTest(java.lang.String)[pri:0, instance:com.qa.opencart.test.AccountsPageTest@1e236278]" started-at="2023-08-03T16:59:45 IST" name="searchProductCountTest" data-provider="getProductData" finished-at="2023-08-03T16:59:54 IST" duration-ms="8511" status="PASS">
          <params>
            <param index="0">
              <value>
                <![CDATA[iMac]]>
              </value>
            </param>
          </params>
          <reporter-output>
          </reporter-output>
        </test-method> <!-- searchProductCountTest -->
        <test-method signature="searchProductTest(java.lang.String,java.lang.String)[pri:0, instance:com.qa.opencart.test.AccountsPageTest@1e236278]" started-at="2023-08-03T16:59:54 IST" name="searchProductTest" data-provider="getProductTestData" finished-at="2023-08-03T17:00:11 IST" duration-ms="16762" status="PASS">
          <params>
            <param index="0">
              <value>
                <![CDATA[Macbook]]>
              </value>
            </param>
            <param index="1">
              <value>
                <![CDATA[MacBook Air]]>
              </value>
            </param>
          </params>
          <reporter-output>
          </reporter-output>
        </test-method> <!-- searchProductTest -->
        <test-method signature="searchProductTest(java.lang.String,java.lang.String)[pri:0, instance:com.qa.opencart.test.AccountsPageTest@1e236278]" started-at="2023-08-03T17:00:11 IST" name="searchProductTest" data-provider="getProductTestData" finished-at="2023-08-03T17:00:24 IST" duration-ms="13465" status="PASS">
          <params>
            <param index="0">
              <value>
                <![CDATA[Samsung]]>
              </value>
            </param>
            <param index="1">
              <value>
                <![CDATA[Samsung SyncMaster 941BW]]>
              </value>
            </param>
          </params>
          <reporter-output>
          </reporter-output>
        </test-method> <!-- searchProductTest -->
        <test-method signature="searchProductTest(java.lang.String,java.lang.String)[pri:0, instance:com.qa.opencart.test.AccountsPageTest@1e236278]" started-at="2023-08-03T17:00:24 IST" name="searchProductTest" data-provider="getProductTestData" finished-at="2023-08-03T17:00:36 IST" duration-ms="11601" status="PASS">
          <params>
            <param index="0">
              <value>
                <![CDATA[Apple]]>
              </value>
            </param>
            <param index="1">
              <value>
                <![CDATA[Apple Cinema 30"]]>
              </value>
            </param>
          </params>
          <reporter-output>
          </reporter-output>
        </test-method> <!-- searchProductTest -->
        <test-method signature="searchProductTest(java.lang.String,java.lang.String)[pri:0, instance:com.qa.opencart.test.AccountsPageTest@1e236278]" started-at="2023-08-03T17:00:36 IST" name="searchProductTest" data-provider="getProductTestData" finished-at="2023-08-03T17:00:43 IST" duration-ms="7525" status="PASS">
          <params>
            <param index="0">
              <value>
                <![CDATA[iMac]]>
              </value>
            </param>
            <param index="1">
              <value>
                <![CDATA[iMac]]>
              </value>
            </param>
          </params>
          <reporter-output>
          </reporter-output>
        </test-method> <!-- searchProductTest -->
        <test-method signature="searchProductTest(java.lang.String,java.lang.String)[pri:0, instance:com.qa.opencart.test.AccountsPageTest@1e236278]" started-at="2023-08-03T17:00:43 IST" name="searchProductTest" data-provider="getProductTestData" finished-at="2023-08-03T17:00:53 IST" duration-ms="9969" status="PASS">
          <params>
            <param index="0">
              <value>
                <![CDATA[Samsung]]>
              </value>
            </param>
            <param index="1">
              <value>
                <![CDATA[Samsung Galaxy Tab 10.1]]>
              </value>
            </param>
          </params>
          <reporter-output>
          </reporter-output>
        </test-method> <!-- searchProductTest -->
        <test-method is-config="true" signature="tearDown()[pri:0, instance:com.qa.opencart.test.AccountsPageTest@1e236278]" started-at="2023-08-03T17:00:53 IST" name="tearDown" finished-at="2023-08-03T17:00:56 IST" duration-ms="2792" status="PASS">
          <reporter-output>
          </reporter-output>
        </test-method> <!-- tearDown -->
      </class> <!-- com.qa.opencart.test.AccountsPageTest -->
    </test> <!-- Account Page Test -->
    <test started-at="2023-08-03T16:57:41 IST" name="Register Page Test" finished-at="2023-08-03T17:00:57 IST" duration-ms="195446">
      <class name="com.qa.opencart.test.RegisterPageTest">
        <test-method is-config="true" signature="setup()[pri:0, instance:com.qa.opencart.test.RegisterPageTest@692dba54]" started-at="2023-08-03T16:57:41 IST" name="setup" finished-at="2023-08-03T16:58:23 IST" duration-ms="41445" status="PASS">
          <reporter-output>
          </reporter-output>
        </test-method> <!-- setup -->
        <test-method is-config="true" signature="regPageSetup()[pri:0, instance:com.qa.opencart.test.RegisterPageTest@692dba54]" started-at="2023-08-03T16:58:23 IST" name="regPageSetup" finished-at="2023-08-03T16:58:39 IST" duration-ms="15930" status="PASS">
          <reporter-output>
          </reporter-output>
        </test-method> <!-- regPageSetup -->
        <test-method signature="userRegTest(java.lang.String,java.lang.String,java.lang.String,java.lang.String,java.lang.String)[pri:0, instance:com.qa.opencart.test.RegisterPageTest@692dba54]" started-at="2023-08-03T16:58:46 IST" name="userRegTest" data-provider="getRegTestData" finished-at="2023-08-03T16:59:50 IST" duration-ms="64399" status="PASS">
          <params>
            <param index="0">
              <value>
                <![CDATA[kiyaan]]>
              </value>
            </param>
            <param index="1">
              <value>
                <![CDATA[khalde]]>
              </value>
            </param>
            <param index="2">
              <value>
                <![CDATA[9267899098]]>
              </value>
            </param>
            <param index="3">
              <value>
                <![CDATA[123@test]]>
              </value>
            </param>
            <param index="4">
              <value>
                <![CDATA[yes]]>
              </value>
            </param>
          </params>
          <reporter-output>
          </reporter-output>
        </test-method> <!-- userRegTest -->
        <test-method signature="userRegTest(java.lang.String,java.lang.String,java.lang.String,java.lang.String,java.lang.String)[pri:0, instance:com.qa.opencart.test.RegisterPageTest@692dba54]" started-at="2023-08-03T16:59:50 IST" name="userRegTest" data-provider="getRegTestData" finished-at="2023-08-03T17:00:25 IST" duration-ms="35277" status="PASS">
          <params>
            <param index="0">
              <value>
                <![CDATA[ira]]>
              </value>
            </param>
            <param index="1">
              <value>
                <![CDATA[somwanshi]]>
              </value>
            </param>
            <param index="2">
              <value>
                <![CDATA[9099909876]]>
              </value>
            </param>
            <param index="3">
              <value>
                <![CDATA[ira@34]]>
              </value>
            </param>
            <param index="4">
              <value>
                <![CDATA[no]]>
              </value>
            </param>
          </params>
          <reporter-output>
          </reporter-output>
        </test-method> <!-- userRegTest -->
        <test-method signature="userRegTest(java.lang.String,java.lang.String,java.lang.String,java.lang.String,java.lang.String)[pri:0, instance:com.qa.opencart.test.RegisterPageTest@692dba54]" started-at="2023-08-03T17:00:25 IST" name="userRegTest" data-provider="getRegTestData" finished-at="2023-08-03T17:00:55 IST" duration-ms="29364" status="PASS">
          <params>
            <param index="0">
              <value>
                <![CDATA[aabha]]>
              </value>
            </param>
            <param index="1">
              <value>
                <![CDATA[kanse]]>
              </value>
            </param>
            <param index="2">
              <value>
                <![CDATA[9898765432]]>
              </value>
            </param>
            <param index="3">
              <value>
                <![CDATA[aabha34]]>
              </value>
            </param>
            <param index="4">
              <value>
                <![CDATA[yes]]>
              </value>
            </param>
          </params>
          <reporter-output>
          </reporter-output>
        </test-method> <!-- userRegTest -->
        <test-method is-config="true" signature="tearDown()[pri:0, instance:com.qa.opencart.test.RegisterPageTest@692dba54]" started-at="2023-08-03T17:00:55 IST" name="tearDown" finished-at="2023-08-03T17:00:57 IST" duration-ms="2076" status="PASS">
          <reporter-output>
          </reporter-output>
        </test-method> <!-- tearDown -->
      </class> <!-- com.qa.opencart.test.RegisterPageTest -->
    </test> <!-- Register Page Test -->
  </suite> <!-- Opencart App Test Regression Suite -->
</testng-results>
